07:01:24.657 train.py:84 INFO: [Rank 3/4] Initialized DeepSpeed
07:01:24.657 train.py:84 INFO: [Rank 1/4] Initialized DeepSpeed
07:01:24.661 train.py:84 INFO: [Rank 2/4] Initialized DeepSpeed
07:01:24.664 train.py:84 INFO: [Rank 0/4] Initialized DeepSpeed
07:01:24.710 train.py:89 INFO: [Rank 3/4] Tokenizer loaded successfully.
07:01:24.711 train.py:89 INFO: [Rank 1/4] Tokenizer loaded successfully.
07:01:24.743 train.py:89 INFO: [Rank 2/4] Tokenizer loaded successfully.
07:01:24.762 train.py:89 INFO: [Rank 0/4] Tokenizer loaded successfully.
07:01:25.539 train.py:151 INFO: [Rank 3/4] Dataset loaded successfully.
07:01:25.560 train.py:151 INFO: [Rank 1/4] Dataset loaded successfully.
07:01:25.577 train.py:151 INFO: [Rank 2/4] Dataset loaded successfully.
07:01:26.246 train.py:151 INFO: [Rank 0/4] Dataset loaded successfully.
07:01:32.887 train.py:160 INFO: [Rank 2/4] Model loaded successfully.
07:01:33.117 train.py:160 INFO: [Rank 3/4] Model loaded successfully.
07:01:33.279 train.py:160 INFO: [Rank 1/4] Model loaded successfully.
07:01:33.457 train.py:160 INFO: [Rank 0/4] Model loaded successfully.
07:01:55.305 train.py:191 INFO: [Rank 0/4] -----------> epochs:1 iterations:28147 batchsize:16 all_b:64
07:01:55.305 train.py:198 INFO: [Rank 0/4] Load checkpoints use0.000s
07:01:55.324 train.py:191 INFO: [Rank 1/4] -----------> epochs:1 iterations:28147 batchsize:16 all_b:64
07:01:55.324 train.py:198 INFO: [Rank 1/4] Load checkpoints use0.000s
07:01:55.333 train.py:191 INFO: [Rank 3/4] -----------> epochs:1 iterations:28147 batchsize:16 all_b:64
07:01:55.333 train.py:198 INFO: [Rank 3/4] Load checkpoints use0.000s
07:01:55.410 train.py:191 INFO: [Rank 2/4] -----------> epochs:1 iterations:28147 batchsize:16 all_b:64
07:01:55.410 train.py:198 INFO: [Rank 2/4] Load checkpoints use0.000s
07:02:07.367 train.py:219 INFO: [Epoch 0/1] Batch 0, Loss: 3.594609498977661, Time: 11.674771070480347
07:02:18.746 train.py:219 INFO: [Epoch 0/1] Batch 1, Loss: 15.855707168579102, Time: 11.368685007095337
07:02:30.169 train.py:219 INFO: [Epoch 0/1] Batch 2, Loss: 16.067768096923828, Time: 11.4227454662323
07:02:41.589 train.py:219 INFO: [Epoch 0/1] Batch 3, Loss: 8.416464805603027, Time: 11.415829420089722
07:02:53.028 train.py:219 INFO: [Epoch 0/1] Batch 4, Loss: 8.260661125183105, Time: 11.438059568405151
07:03:04.483 train.py:219 INFO: [Epoch 0/1] Batch 5, Loss: 8.08380126953125, Time: 11.454612970352173
07:03:15.968 train.py:219 INFO: [Epoch 0/1] Batch 6, Loss: 8.166572570800781, Time: 11.484324216842651
07:03:27.472 train.py:219 INFO: [Epoch 0/1] Batch 7, Loss: 7.866495132446289, Time: 11.503552198410034
07:03:38.989 train.py:219 INFO: [Epoch 0/1] Batch 8, Loss: 8.053679466247559, Time: 11.516904354095459
07:03:50.513 train.py:219 INFO: [Epoch 0/1] Batch 9, Loss: 7.866591453552246, Time: 11.523094415664673
07:04:02.050 train.py:219 INFO: [Epoch 0/1] Batch 10, Loss: 7.708393573760986, Time: 11.534910202026367
07:04:13.592 train.py:219 INFO: [Epoch 0/1] Batch 11, Loss: 7.541110515594482, Time: 11.540183544158936
07:04:25.142 train.py:219 INFO: [Epoch 0/1] Batch 12, Loss: 7.626161098480225, Time: 11.549713611602783
07:04:36.708 train.py:219 INFO: [Epoch 0/1] Batch 13, Loss: 7.314242362976074, Time: 11.56614065170288
07:04:48.248 train.py:219 INFO: [Epoch 0/1] Batch 14, Loss: 7.194879531860352, Time: 11.538848876953125
07:04:59.824 train.py:219 INFO: [Epoch 0/1] Batch 15, Loss: 7.344029903411865, Time: 11.57621717453003
07:05:11.374 train.py:219 INFO: [Epoch 0/1] Batch 16, Loss: 7.263929843902588, Time: 11.54672622680664
07:05:22.934 train.py:219 INFO: [Epoch 0/1] Batch 17, Loss: 7.3608880043029785, Time: 11.557446956634521
07:05:34.489 train.py:219 INFO: [Epoch 0/1] Batch 18, Loss: 7.254431247711182, Time: 11.55263900756836
07:05:46.048 train.py:219 INFO: [Epoch 0/1] Batch 19, Loss: 7.147176742553711, Time: 11.55646538734436
07:05:57.620 train.py:219 INFO: [Epoch 0/1] Batch 20, Loss: 6.93018913269043, Time: 11.570756435394287
07:06:09.168 train.py:219 INFO: [Epoch 0/1] Batch 21, Loss: 7.109364032745361, Time: 11.545760869979858
07:06:20.731 train.py:219 INFO: [Epoch 0/1] Batch 22, Loss: 7.030069351196289, Time: 11.561055421829224
07:06:32.298 train.py:219 INFO: [Epoch 0/1] Batch 23, Loss: 7.1156697273254395, Time: 11.565661907196045
07:06:43.850 train.py:219 INFO: [Epoch 0/1] Batch 24, Loss: 6.784709930419922, Time: 11.549442529678345
07:06:55.405 train.py:219 INFO: [Epoch 0/1] Batch 25, Loss: 6.989083290100098, Time: 11.553226232528687
07:07:06.972 train.py:219 INFO: [Epoch 0/1] Batch 26, Loss: 6.940285682678223, Time: 11.5659818649292
07:07:18.534 train.py:219 INFO: [Epoch 0/1] Batch 27, Loss: 6.67972993850708, Time: 11.560287237167358
07:07:30.093 train.py:219 INFO: [Epoch 0/1] Batch 28, Loss: 6.9933366775512695, Time: 11.556812763214111
07:07:41.676 train.py:219 INFO: [Epoch 0/1] Batch 29, Loss: 6.541778564453125, Time: 11.5817129611969
07:07:53.239 train.py:219 INFO: [Epoch 0/1] Batch 30, Loss: 6.875182151794434, Time: 11.560854196548462
07:08:04.822 train.py:219 INFO: [Epoch 0/1] Batch 31, Loss: 6.84914493560791, Time: 11.58139157295227
07:08:16.392 train.py:219 INFO: [Epoch 0/1] Batch 32, Loss: 6.604348659515381, Time: 11.566611051559448
07:08:27.976 train.py:219 INFO: [Epoch 0/1] Batch 33, Loss: 6.395675182342529, Time: 11.582743406295776
07:08:39.554 train.py:219 INFO: [Epoch 0/1] Batch 34, Loss: 6.332948207855225, Time: 11.575905799865723
07:08:51.111 train.py:219 INFO: [Epoch 0/1] Batch 35, Loss: 6.775492191314697, Time: 11.554912805557251
07:09:02.659 train.py:219 INFO: [Epoch 0/1] Batch 36, Loss: 6.718430519104004, Time: 11.544663190841675
07:09:14.225 train.py:219 INFO: [Epoch 0/1] Batch 37, Loss: 6.490517616271973, Time: 11.564407110214233
07:09:25.769 train.py:219 INFO: [Epoch 0/1] Batch 38, Loss: 6.5299601554870605, Time: 11.54127550125122
07:09:37.322 train.py:219 INFO: [Epoch 0/1] Batch 39, Loss: 6.656824588775635, Time: 11.551200151443481
07:09:48.875 train.py:219 INFO: [Epoch 0/1] Batch 40, Loss: 6.284984588623047, Time: 11.551659107208252
07:10:00.447 train.py:219 INFO: [Epoch 0/1] Batch 41, Loss: 6.663398265838623, Time: 11.568340301513672
07:10:12.019 train.py:219 INFO: [Epoch 0/1] Batch 42, Loss: 6.6404500007629395, Time: 11.569899559020996
07:10:23.597 train.py:219 INFO: [Epoch 0/1] Batch 43, Loss: 6.489037036895752, Time: 11.576168060302734
07:10:35.146 train.py:219 INFO: [Epoch 0/1] Batch 44, Loss: 6.6130900382995605, Time: 11.547337770462036
07:10:46.696 train.py:219 INFO: [Epoch 0/1] Batch 45, Loss: 6.304477214813232, Time: 11.548289060592651
07:10:58.252 train.py:219 INFO: [Epoch 0/1] Batch 46, Loss: 6.452759265899658, Time: 11.554616212844849
07:11:09.822 train.py:219 INFO: [Epoch 0/1] Batch 47, Loss: 6.416851997375488, Time: 11.56835651397705
07:11:21.379 train.py:219 INFO: [Epoch 0/1] Batch 48, Loss: 6.506606578826904, Time: 11.553442001342773
07:11:32.948 train.py:219 INFO: [Epoch 0/1] Batch 49, Loss: 6.258211612701416, Time: 11.565893411636353
07:11:44.509 train.py:219 INFO: [Epoch 0/1] Batch 50, Loss: 6.943936824798584, Time: 11.559188842773438
07:11:56.056 train.py:219 INFO: [Epoch 0/1] Batch 51, Loss: 6.62134313583374, Time: 11.545442581176758
07:12:07.647 train.py:219 INFO: [Epoch 0/1] Batch 52, Loss: 6.587841987609863, Time: 11.588897466659546
07:12:19.189 train.py:219 INFO: [Epoch 0/1] Batch 53, Loss: 6.473156452178955, Time: 11.539910316467285
07:12:30.759 train.py:219 INFO: [Epoch 0/1] Batch 54, Loss: 6.430887699127197, Time: 11.568373918533325
07:12:42.340 train.py:219 INFO: [Epoch 0/1] Batch 55, Loss: 6.460416316986084, Time: 11.5791335105896
07:12:53.924 train.py:219 INFO: [Epoch 0/1] Batch 56, Loss: 6.214426517486572, Time: 11.580716609954834
07:13:05.488 train.py:219 INFO: [Epoch 0/1] Batch 57, Loss: 6.788914203643799, Time: 11.562142848968506
07:13:17.060 train.py:219 INFO: [Epoch 0/1] Batch 58, Loss: 6.263797283172607, Time: 11.568565845489502
07:13:28.633 train.py:219 INFO: [Epoch 0/1] Batch 59, Loss: 6.523472785949707, Time: 11.571038722991943
07:13:40.233 train.py:219 INFO: [Epoch 0/1] Batch 60, Loss: 6.462552547454834, Time: 11.597546815872192
07:13:51.797 train.py:219 INFO: [Epoch 0/1] Batch 61, Loss: 6.392292022705078, Time: 11.56256628036499
07:14:03.377 train.py:219 INFO: [Epoch 0/1] Batch 62, Loss: 6.373444557189941, Time: 11.57810664176941
07:14:14.960 train.py:219 INFO: [Epoch 0/1] Batch 63, Loss: 6.388153553009033, Time: 11.58044958114624
07:14:26.529 train.py:219 INFO: [Epoch 0/1] Batch 64, Loss: 6.383029460906982, Time: 11.566252708435059
07:14:38.095 train.py:219 INFO: [Epoch 0/1] Batch 65, Loss: 6.059732913970947, Time: 11.562954902648926
07:14:49.673 train.py:219 INFO: [Epoch 0/1] Batch 66, Loss: 6.206411361694336, Time: 11.575672149658203
07:15:01.275 train.py:219 INFO: [Epoch 0/1] Batch 67, Loss: 6.472455024719238, Time: 11.59891676902771
07:15:12.869 train.py:219 INFO: [Epoch 0/1] Batch 68, Loss: 6.176082611083984, Time: 11.592279434204102
07:15:24.444 train.py:219 INFO: [Epoch 0/1] Batch 69, Loss: 6.397546768188477, Time: 11.573565244674683
07:15:36.011 train.py:219 INFO: [Epoch 0/1] Batch 70, Loss: 6.296225547790527, Time: 11.564823150634766
07:15:47.603 train.py:219 INFO: [Epoch 0/1] Batch 71, Loss: 6.408092021942139, Time: 11.590450763702393
07:15:59.172 train.py:219 INFO: [Epoch 0/1] Batch 72, Loss: 6.189669132232666, Time: 11.56673526763916
07:16:10.739 train.py:219 INFO: [Epoch 0/1] Batch 73, Loss: 6.210176944732666, Time: 11.565355777740479
07:16:22.314 train.py:219 INFO: [Epoch 0/1] Batch 74, Loss: 6.3401641845703125, Time: 11.572824478149414
07:16:33.891 train.py:219 INFO: [Epoch 0/1] Batch 75, Loss: 6.165896892547607, Time: 11.575909852981567
07:16:45.448 train.py:219 INFO: [Epoch 0/1] Batch 76, Loss: 6.159256458282471, Time: 11.555412292480469
07:16:57.015 train.py:219 INFO: [Epoch 0/1] Batch 77, Loss: 6.4135942459106445, Time: 11.565235137939453
07:17:08.567 train.py:219 INFO: [Epoch 0/1] Batch 78, Loss: 5.960320949554443, Time: 11.55115795135498
07:17:20.144 train.py:219 INFO: [Epoch 0/1] Batch 79, Loss: 6.505403518676758, Time: 11.573760747909546
07:17:31.711 train.py:219 INFO: [Epoch 0/1] Batch 80, Loss: 6.293059349060059, Time: 11.563920974731445
07:17:43.277 train.py:219 INFO: [Epoch 0/1] Batch 81, Loss: 6.300417900085449, Time: 11.562819957733154
07:17:54.838 train.py:219 INFO: [Epoch 0/1] Batch 82, Loss: 6.266780376434326, Time: 11.557862043380737
07:18:06.393 train.py:219 INFO: [Epoch 0/1] Batch 83, Loss: 6.253655433654785, Time: 11.553845405578613
07:18:17.949 train.py:219 INFO: [Epoch 0/1] Batch 84, Loss: 5.814996719360352, Time: 11.553967475891113
07:18:29.510 train.py:219 INFO: [Epoch 0/1] Batch 85, Loss: 6.220178127288818, Time: 11.558969020843506
07:18:41.068 train.py:219 INFO: [Epoch 0/1] Batch 86, Loss: 6.438262939453125, Time: 11.556578874588013
07:18:52.625 train.py:219 INFO: [Epoch 0/1] Batch 87, Loss: 6.4364519119262695, Time: 11.555162906646729
07:19:04.186 train.py:219 INFO: [Epoch 0/1] Batch 88, Loss: 6.0418572425842285, Time: 11.558844327926636
07:19:15.757 train.py:219 INFO: [Epoch 0/1] Batch 89, Loss: 6.217948913574219, Time: 11.565538167953491
07:19:27.320 train.py:219 INFO: [Epoch 0/1] Batch 90, Loss: 6.130312919616699, Time: 11.558438301086426
07:19:38.882 train.py:219 INFO: [Epoch 0/1] Batch 91, Loss: 5.922451019287109, Time: 11.559665441513062
07:19:50.455 train.py:219 INFO: [Epoch 0/1] Batch 92, Loss: 6.066882133483887, Time: 11.57029414176941
07:20:02.031 train.py:219 INFO: [Epoch 0/1] Batch 93, Loss: 6.3380255699157715, Time: 11.574214458465576
07:20:13.588 train.py:219 INFO: [Epoch 0/1] Batch 94, Loss: 6.053213596343994, Time: 11.555639743804932
07:20:25.130 train.py:219 INFO: [Epoch 0/1] Batch 95, Loss: 6.133482933044434, Time: 11.539623260498047
07:20:36.669 train.py:219 INFO: [Epoch 0/1] Batch 96, Loss: 5.308170318603516, Time: 11.537823915481567
07:20:48.203 train.py:219 INFO: [Epoch 0/1] Batch 97, Loss: 6.469428062438965, Time: 11.532392024993896
07:20:59.773 train.py:219 INFO: [Epoch 0/1] Batch 98, Loss: 6.111693859100342, Time: 11.556169033050537
07:21:11.328 train.py:219 INFO: [Epoch 0/1] Batch 99, Loss: 5.789506435394287, Time: 11.553679704666138
07:21:22.863 train.py:219 INFO: [Epoch 0/1] Batch 100, Loss: 6.242584228515625, Time: 11.53257703781128
07:21:22.971 train.py:240 INFO: [Rank 0/4] Batch 100  ———————————————>  ALL Time: 1167.6657671928406
