07:42:04.918 bert_train.py:87 INFO: [Rank 3/4] Initialized DeepSpeed
07:42:04.922 bert_train.py:87 INFO: [Rank 0/4] Initialized DeepSpeed
07:42:04.924 bert_train.py:87 INFO: [Rank 2/4] Initialized DeepSpeed
07:42:04.924 bert_train.py:87 INFO: [Rank 1/4] Initialized DeepSpeed
07:42:04.968 bert_train.py:91 INFO: [Rank 0/4] Tokenizer loaded successfully.
07:42:04.971 bert_train.py:91 INFO: [Rank 3/4] Tokenizer loaded successfully.
07:42:04.989 bert_train.py:91 INFO: [Rank 2/4] Tokenizer loaded successfully.
07:42:04.989 bert_train.py:91 INFO: [Rank 1/4] Tokenizer loaded successfully.
07:42:05.094 bert_train.py:154 INFO: [Rank 0/4] Dataset loaded successfully.
07:42:05.119 bert_train.py:154 INFO: [Rank 2/4] Dataset loaded successfully.
07:42:05.131 bert_train.py:154 INFO: [Rank 3/4] Dataset loaded successfully.
07:42:05.177 bert_train.py:154 INFO: [Rank 1/4] Dataset loaded successfully.
07:42:05.693 bert_train.py:160 INFO: [Rank 2/4] Model loaded successfully.
07:42:05.693 bert_train.py:160 INFO: [Rank 0/4] Model loaded successfully.
07:42:05.738 bert_train.py:160 INFO: [Rank 1/4] Model loaded successfully.
07:42:05.872 bert_train.py:160 INFO: [Rank 3/4] Model loaded successfully.
07:42:07.129 bert_train.py:191 INFO: [Rank 0/4] -----------> epochs:1 iterations:14074 batchsize:32 all_b:128
07:42:07.129 bert_train.py:198 INFO: [Rank 0/4] Load checkpoints use0.000s
07:42:07.170 bert_train.py:191 INFO: [Rank 3/4] -----------> epochs:1 iterations:14074 batchsize:32 all_b:128
07:42:07.170 bert_train.py:198 INFO: [Rank 3/4] Load checkpoints use0.000s
07:42:07.172 bert_train.py:191 INFO: [Rank 2/4] -----------> epochs:1 iterations:14074 batchsize:32 all_b:128
07:42:07.172 bert_train.py:198 INFO: [Rank 2/4] Load checkpoints use0.000s
07:42:07.175 bert_train.py:191 INFO: [Rank 1/4] -----------> epochs:1 iterations:14074 batchsize:32 all_b:128
07:42:07.175 bert_train.py:198 INFO: [Rank 1/4] Load checkpoints use0.000s
07:42:10.758 bert_train.py:219 INFO: [Epoch 0/1] Batch 0, Loss: 3.2014217376708984, Time: 3.1878838539123535
07:42:13.612 bert_train.py:219 INFO: [Epoch 0/1] Batch 1, Loss: 17.913606643676758, Time: 2.8436055183410645
07:42:16.470 bert_train.py:219 INFO: [Epoch 0/1] Batch 2, Loss: 11.555072784423828, Time: 2.8513941764831543
07:42:19.332 bert_train.py:219 INFO: [Epoch 0/1] Batch 3, Loss: 15.651080131530762, Time: 2.859872579574585
07:42:22.204 bert_train.py:219 INFO: [Epoch 0/1] Batch 4, Loss: 9.644243240356445, Time: 2.871281862258911
07:42:25.081 bert_train.py:219 INFO: [Epoch 0/1] Batch 5, Loss: 7.537014007568359, Time: 2.8761565685272217
07:42:27.979 bert_train.py:219 INFO: [Epoch 0/1] Batch 6, Loss: 8.076250076293945, Time: 2.897879123687744
07:42:30.864 bert_train.py:219 INFO: [Epoch 0/1] Batch 7, Loss: 7.317157745361328, Time: 2.8847885131835938
07:42:33.741 bert_train.py:219 INFO: [Epoch 0/1] Batch 8, Loss: 5.579496383666992, Time: 2.8759281635284424
07:42:36.619 bert_train.py:219 INFO: [Epoch 0/1] Batch 9, Loss: 3.3612959384918213, Time: 2.8784615993499756
07:42:39.506 bert_train.py:219 INFO: [Epoch 0/1] Batch 10, Loss: 3.2931997776031494, Time: 2.884087324142456
07:42:42.388 bert_train.py:219 INFO: [Epoch 0/1] Batch 11, Loss: 2.3428776264190674, Time: 2.8804450035095215
07:42:45.275 bert_train.py:219 INFO: [Epoch 0/1] Batch 12, Loss: 2.8939733505249023, Time: 2.8861141204833984
07:42:48.172 bert_train.py:219 INFO: [Epoch 0/1] Batch 13, Loss: 2.2766671180725098, Time: 2.895961046218872
07:42:51.066 bert_train.py:219 INFO: [Epoch 0/1] Batch 14, Loss: 2.629617214202881, Time: 2.8935348987579346
07:42:53.975 bert_train.py:219 INFO: [Epoch 0/1] Batch 15, Loss: 1.9512701034545898, Time: 2.9088380336761475
07:42:56.885 bert_train.py:219 INFO: [Epoch 0/1] Batch 16, Loss: 1.8018550872802734, Time: 2.907299041748047
07:42:59.799 bert_train.py:219 INFO: [Epoch 0/1] Batch 17, Loss: 2.166520118713379, Time: 2.912715196609497
07:43:02.703 bert_train.py:219 INFO: [Epoch 0/1] Batch 18, Loss: 2.171903371810913, Time: 2.9010555744171143
07:43:05.610 bert_train.py:219 INFO: [Epoch 0/1] Batch 19, Loss: 2.1796610355377197, Time: 2.9050557613372803
07:43:08.531 bert_train.py:219 INFO: [Epoch 0/1] Batch 20, Loss: 2.2188990116119385, Time: 2.919485569000244
07:43:11.449 bert_train.py:219 INFO: [Epoch 0/1] Batch 21, Loss: 1.7049520015716553, Time: 2.9154887199401855
07:43:14.351 bert_train.py:219 INFO: [Epoch 0/1] Batch 22, Loss: 2.00724458694458, Time: 2.899320363998413
07:43:17.268 bert_train.py:219 INFO: [Epoch 0/1] Batch 23, Loss: 2.005201578140259, Time: 2.9148786067962646
07:43:20.193 bert_train.py:219 INFO: [Epoch 0/1] Batch 24, Loss: 1.8440908193588257, Time: 2.9230268001556396
07:43:23.117 bert_train.py:219 INFO: [Epoch 0/1] Batch 25, Loss: 2.421746253967285, Time: 2.9214751720428467
07:43:26.047 bert_train.py:219 INFO: [Epoch 0/1] Batch 26, Loss: 1.7931463718414307, Time: 2.928792953491211
07:43:28.982 bert_train.py:219 INFO: [Epoch 0/1] Batch 27, Loss: 1.8861260414123535, Time: 2.9329893589019775
07:43:31.923 bert_train.py:219 INFO: [Epoch 0/1] Batch 28, Loss: 2.201338291168213, Time: 2.9390976428985596
07:43:34.861 bert_train.py:219 INFO: [Epoch 0/1] Batch 29, Loss: 1.7983587980270386, Time: 2.9353108406066895
07:43:37.802 bert_train.py:219 INFO: [Epoch 0/1] Batch 30, Loss: 1.9872701168060303, Time: 2.9389877319335938
07:43:40.728 bert_train.py:219 INFO: [Epoch 0/1] Batch 31, Loss: 2.2216262817382812, Time: 2.9240365028381348
07:43:43.654 bert_train.py:219 INFO: [Epoch 0/1] Batch 32, Loss: 2.2272350788116455, Time: 2.924039363861084
07:43:46.588 bert_train.py:219 INFO: [Epoch 0/1] Batch 33, Loss: 1.8712224960327148, Time: 2.9315967559814453
07:43:49.525 bert_train.py:219 INFO: [Epoch 0/1] Batch 34, Loss: 1.657555341720581, Time: 2.9351041316986084
07:43:52.468 bert_train.py:219 INFO: [Epoch 0/1] Batch 35, Loss: 1.9128755331039429, Time: 2.9406704902648926
07:43:55.396 bert_train.py:219 INFO: [Epoch 0/1] Batch 36, Loss: 1.7704758644104004, Time: 2.9266653060913086
07:43:58.347 bert_train.py:219 INFO: [Epoch 0/1] Batch 37, Loss: 2.1984667778015137, Time: 2.9486443996429443
07:44:01.271 bert_train.py:219 INFO: [Epoch 0/1] Batch 38, Loss: 1.9382327795028687, Time: 2.921659469604492
07:44:04.203 bert_train.py:219 INFO: [Epoch 0/1] Batch 39, Loss: 1.914915680885315, Time: 2.9303510189056396
07:44:07.137 bert_train.py:219 INFO: [Epoch 0/1] Batch 40, Loss: 2.1376261711120605, Time: 2.9318997859954834
07:44:10.063 bert_train.py:219 INFO: [Epoch 0/1] Batch 41, Loss: 1.8273850679397583, Time: 2.9230127334594727
07:44:12.993 bert_train.py:219 INFO: [Epoch 0/1] Batch 42, Loss: 2.2309234142303467, Time: 2.9287898540496826
07:44:15.925 bert_train.py:219 INFO: [Epoch 0/1] Batch 43, Loss: 1.9913179874420166, Time: 2.9290668964385986
07:44:18.855 bert_train.py:219 INFO: [Epoch 0/1] Batch 44, Loss: 1.8336831331253052, Time: 2.9283177852630615
07:44:21.791 bert_train.py:219 INFO: [Epoch 0/1] Batch 45, Loss: 2.852318525314331, Time: 2.9339630603790283
07:44:24.739 bert_train.py:219 INFO: [Epoch 0/1] Batch 46, Loss: 1.78104829788208, Time: 2.946551561355591
07:44:27.677 bert_train.py:219 INFO: [Epoch 0/1] Batch 47, Loss: 2.0126872062683105, Time: 2.935304880142212
07:44:30.602 bert_train.py:219 INFO: [Epoch 0/1] Batch 48, Loss: 2.0974361896514893, Time: 2.922895908355713
07:44:33.546 bert_train.py:219 INFO: [Epoch 0/1] Batch 49, Loss: 1.989969253540039, Time: 2.942469358444214
07:44:36.476 bert_train.py:219 INFO: [Epoch 0/1] Batch 50, Loss: 2.2208309173583984, Time: 2.9277942180633545
07:44:39.408 bert_train.py:219 INFO: [Epoch 0/1] Batch 51, Loss: 2.3088812828063965, Time: 2.929453134536743
07:44:42.341 bert_train.py:219 INFO: [Epoch 0/1] Batch 52, Loss: 1.854719638824463, Time: 2.930861234664917
07:44:45.285 bert_train.py:219 INFO: [Epoch 0/1] Batch 53, Loss: 1.978087067604065, Time: 2.9425692558288574
07:44:48.234 bert_train.py:219 INFO: [Epoch 0/1] Batch 54, Loss: 2.3177778720855713, Time: 2.946017265319824
07:44:51.170 bert_train.py:219 INFO: [Epoch 0/1] Batch 55, Loss: 2.120081901550293, Time: 2.934563159942627
07:44:54.101 bert_train.py:219 INFO: [Epoch 0/1] Batch 56, Loss: 2.1229114532470703, Time: 2.9283499717712402
07:44:57.027 bert_train.py:219 INFO: [Epoch 0/1] Batch 57, Loss: 1.997423768043518, Time: 2.9237773418426514
07:44:59.968 bert_train.py:219 INFO: [Epoch 0/1] Batch 58, Loss: 1.627211332321167, Time: 2.939147710800171
07:45:02.914 bert_train.py:219 INFO: [Epoch 0/1] Batch 59, Loss: 1.9319379329681396, Time: 2.944202184677124
07:45:05.848 bert_train.py:219 INFO: [Epoch 0/1] Batch 60, Loss: 1.7101633548736572, Time: 2.9320123195648193
07:45:08.783 bert_train.py:219 INFO: [Epoch 0/1] Batch 61, Loss: 2.3967936038970947, Time: 2.9331798553466797
07:45:11.710 bert_train.py:219 INFO: [Epoch 0/1] Batch 62, Loss: 1.9351189136505127, Time: 2.924262046813965
07:45:14.653 bert_train.py:219 INFO: [Epoch 0/1] Batch 63, Loss: 2.0766358375549316, Time: 2.941098928451538
07:45:17.590 bert_train.py:219 INFO: [Epoch 0/1] Batch 64, Loss: 2.189591407775879, Time: 2.9350411891937256
07:45:20.529 bert_train.py:219 INFO: [Epoch 0/1] Batch 65, Loss: 1.8797607421875, Time: 2.937483549118042
07:45:23.455 bert_train.py:219 INFO: [Epoch 0/1] Batch 66, Loss: 1.980849027633667, Time: 2.9231903553009033
07:45:26.396 bert_train.py:219 INFO: [Epoch 0/1] Batch 67, Loss: 2.1743152141571045, Time: 2.9396495819091797
07:45:29.324 bert_train.py:219 INFO: [Epoch 0/1] Batch 68, Loss: 1.781766653060913, Time: 2.925107479095459
07:45:32.258 bert_train.py:219 INFO: [Epoch 0/1] Batch 69, Loss: 2.0974466800689697, Time: 2.932816982269287
07:45:35.206 bert_train.py:219 INFO: [Epoch 0/1] Batch 70, Loss: 1.7375352382659912, Time: 2.9453132152557373
07:45:38.139 bert_train.py:219 INFO: [Epoch 0/1] Batch 71, Loss: 1.9604827165603638, Time: 2.9314653873443604
07:45:41.070 bert_train.py:219 INFO: [Epoch 0/1] Batch 72, Loss: 2.402103900909424, Time: 2.929180860519409
07:45:44.013 bert_train.py:219 INFO: [Epoch 0/1] Batch 73, Loss: 2.0054333209991455, Time: 2.9401426315307617
07:45:46.958 bert_train.py:219 INFO: [Epoch 0/1] Batch 74, Loss: 2.3235366344451904, Time: 2.9432921409606934
07:45:49.909 bert_train.py:219 INFO: [Epoch 0/1] Batch 75, Loss: 2.0805792808532715, Time: 2.9495718479156494
07:45:52.845 bert_train.py:219 INFO: [Epoch 0/1] Batch 76, Loss: 1.8057293891906738, Time: 2.93392014503479
07:45:55.786 bert_train.py:219 INFO: [Epoch 0/1] Batch 77, Loss: 2.1603195667266846, Time: 2.9389350414276123
07:45:58.726 bert_train.py:219 INFO: [Epoch 0/1] Batch 78, Loss: 2.2168374061584473, Time: 2.9373507499694824
07:46:01.652 bert_train.py:219 INFO: [Epoch 0/1] Batch 79, Loss: 1.9395712614059448, Time: 2.9242565631866455
07:46:04.595 bert_train.py:219 INFO: [Epoch 0/1] Batch 80, Loss: 2.355211019515991, Time: 2.9404563903808594
07:46:07.542 bert_train.py:219 INFO: [Epoch 0/1] Batch 81, Loss: 2.1056134700775146, Time: 2.9452099800109863
07:46:10.482 bert_train.py:219 INFO: [Epoch 0/1] Batch 82, Loss: 2.2409892082214355, Time: 2.937987804412842
07:46:13.422 bert_train.py:219 INFO: [Epoch 0/1] Batch 83, Loss: 2.159949541091919, Time: 2.938607692718506
07:46:16.365 bert_train.py:219 INFO: [Epoch 0/1] Batch 84, Loss: 2.2920594215393066, Time: 2.9410243034362793
07:46:19.302 bert_train.py:219 INFO: [Epoch 0/1] Batch 85, Loss: 2.249662399291992, Time: 2.935279607772827
07:46:22.231 bert_train.py:219 INFO: [Epoch 0/1] Batch 86, Loss: 2.33329701423645, Time: 2.9268102645874023
07:46:25.161 bert_train.py:219 INFO: [Epoch 0/1] Batch 87, Loss: 2.1507773399353027, Time: 2.9276256561279297
07:46:28.118 bert_train.py:219 INFO: [Epoch 0/1] Batch 88, Loss: 2.2797176837921143, Time: 2.954665422439575
07:46:31.057 bert_train.py:219 INFO: [Epoch 0/1] Batch 89, Loss: 2.153416872024536, Time: 2.9369254112243652
07:46:34.001 bert_train.py:219 INFO: [Epoch 0/1] Batch 90, Loss: 2.3034744262695312, Time: 2.9425482749938965
07:46:36.931 bert_train.py:219 INFO: [Epoch 0/1] Batch 91, Loss: 1.6806764602661133, Time: 2.9280240535736084
07:46:39.871 bert_train.py:219 INFO: [Epoch 0/1] Batch 92, Loss: 1.6595594882965088, Time: 2.93845796585083
07:46:42.832 bert_train.py:219 INFO: [Epoch 0/1] Batch 93, Loss: 2.2910878658294678, Time: 2.9591431617736816
07:46:45.774 bert_train.py:219 INFO: [Epoch 0/1] Batch 94, Loss: 2.2716972827911377, Time: 2.9392178058624268
07:46:48.719 bert_train.py:219 INFO: [Epoch 0/1] Batch 95, Loss: 2.385978937149048, Time: 2.9431142807006836
07:46:51.679 bert_train.py:219 INFO: [Epoch 0/1] Batch 96, Loss: 2.392902135848999, Time: 2.957767963409424
07:46:54.620 bert_train.py:219 INFO: [Epoch 0/1] Batch 97, Loss: 2.0201947689056396, Time: 2.9394609928131104
07:46:57.573 bert_train.py:219 INFO: [Epoch 0/1] Batch 98, Loss: 2.2895030975341797, Time: 2.9510855674743652
07:47:00.507 bert_train.py:219 INFO: [Epoch 0/1] Batch 99, Loss: 2.614182233810425, Time: 2.932699680328369
07:47:03.435 bert_train.py:219 INFO: [Epoch 0/1] Batch 100, Loss: 1.9988021850585938, Time: 2.925726890563965
07:47:06.363 bert_train.py:219 INFO: [Epoch 0/1] Batch 101, Loss: 2.1006247997283936, Time: 2.9262161254882812
07:47:09.315 bert_train.py:219 INFO: [Epoch 0/1] Batch 102, Loss: 1.9526089429855347, Time: 2.950314521789551
07:47:12.262 bert_train.py:219 INFO: [Epoch 0/1] Batch 103, Loss: 2.3741695880889893, Time: 2.944182872772217
07:47:15.202 bert_train.py:219 INFO: [Epoch 0/1] Batch 104, Loss: 2.223320245742798, Time: 2.9387154579162598
07:47:18.143 bert_train.py:219 INFO: [Epoch 0/1] Batch 105, Loss: 2.012887954711914, Time: 2.938605546951294
07:47:21.068 bert_train.py:219 INFO: [Epoch 0/1] Batch 106, Loss: 2.02744197845459, Time: 2.9227776527404785
07:47:23.998 bert_train.py:219 INFO: [Epoch 0/1] Batch 107, Loss: 1.9525470733642578, Time: 2.928123712539673
07:47:26.945 bert_train.py:219 INFO: [Epoch 0/1] Batch 108, Loss: 1.885532021522522, Time: 2.9448468685150146
07:47:29.881 bert_train.py:219 INFO: [Epoch 0/1] Batch 109, Loss: 2.072434663772583, Time: 2.9339592456817627
07:47:32.833 bert_train.py:219 INFO: [Epoch 0/1] Batch 110, Loss: 1.9330500364303589, Time: 2.9497103691101074
07:47:35.780 bert_train.py:219 INFO: [Epoch 0/1] Batch 111, Loss: 2.064866304397583, Time: 2.9453749656677246
07:47:38.724 bert_train.py:219 INFO: [Epoch 0/1] Batch 112, Loss: 2.223322868347168, Time: 2.9413397312164307
07:47:41.679 bert_train.py:219 INFO: [Epoch 0/1] Batch 113, Loss: 2.2424097061157227, Time: 2.953139543533325
07:47:44.609 bert_train.py:219 INFO: [Epoch 0/1] Batch 114, Loss: 2.0926759243011475, Time: 2.928337812423706
07:47:47.556 bert_train.py:219 INFO: [Epoch 0/1] Batch 115, Loss: 1.6568119525909424, Time: 2.9454357624053955
07:47:50.500 bert_train.py:219 INFO: [Epoch 0/1] Batch 116, Loss: 2.4666683673858643, Time: 2.9421486854553223
07:47:53.450 bert_train.py:219 INFO: [Epoch 0/1] Batch 117, Loss: 2.321355104446411, Time: 2.947660446166992
07:47:56.390 bert_train.py:219 INFO: [Epoch 0/1] Batch 118, Loss: 2.661576509475708, Time: 2.937713623046875
07:47:59.352 bert_train.py:219 INFO: [Epoch 0/1] Batch 119, Loss: 2.4129810333251953, Time: 2.960202693939209
07:48:02.290 bert_train.py:219 INFO: [Epoch 0/1] Batch 120, Loss: 2.539137125015259, Time: 2.936160087585449
07:48:05.223 bert_train.py:219 INFO: [Epoch 0/1] Batch 121, Loss: 1.776133418083191, Time: 2.930105447769165
07:48:08.156 bert_train.py:219 INFO: [Epoch 0/1] Batch 122, Loss: 2.4344589710235596, Time: 2.9317784309387207
07:48:11.098 bert_train.py:219 INFO: [Epoch 0/1] Batch 123, Loss: 2.0990922451019287, Time: 2.940455675125122
07:48:14.029 bert_train.py:219 INFO: [Epoch 0/1] Batch 124, Loss: 1.8827372789382935, Time: 2.9289629459381104
07:48:16.980 bert_train.py:219 INFO: [Epoch 0/1] Batch 125, Loss: 2.091254472732544, Time: 2.9481093883514404
07:48:19.918 bert_train.py:219 INFO: [Epoch 0/1] Batch 126, Loss: 2.4540860652923584, Time: 2.936183452606201
07:48:22.857 bert_train.py:219 INFO: [Epoch 0/1] Batch 127, Loss: 2.466850519180298, Time: 2.9370644092559814
07:48:25.799 bert_train.py:219 INFO: [Epoch 0/1] Batch 128, Loss: 1.9221867322921753, Time: 2.939974784851074
07:48:28.756 bert_train.py:219 INFO: [Epoch 0/1] Batch 129, Loss: 2.386472463607788, Time: 2.954784870147705
07:48:31.705 bert_train.py:219 INFO: [Epoch 0/1] Batch 130, Loss: 2.3458216190338135, Time: 2.947573661804199
07:48:34.668 bert_train.py:219 INFO: [Epoch 0/1] Batch 131, Loss: 2.0283873081207275, Time: 2.9608309268951416
07:48:37.619 bert_train.py:219 INFO: [Epoch 0/1] Batch 132, Loss: 2.0998384952545166, Time: 2.949042558670044
07:48:40.558 bert_train.py:219 INFO: [Epoch 0/1] Batch 133, Loss: 2.5526044368743896, Time: 2.937394857406616
07:48:43.517 bert_train.py:219 INFO: [Epoch 0/1] Batch 134, Loss: 2.2197418212890625, Time: 2.956866502761841
07:48:46.465 bert_train.py:219 INFO: [Epoch 0/1] Batch 135, Loss: 2.359058380126953, Time: 2.9454476833343506
07:48:49.395 bert_train.py:219 INFO: [Epoch 0/1] Batch 136, Loss: 2.3869616985321045, Time: 2.9281044006347656
07:48:52.345 bert_train.py:219 INFO: [Epoch 0/1] Batch 137, Loss: 2.5025441646575928, Time: 2.947885036468506
07:48:55.299 bert_train.py:219 INFO: [Epoch 0/1] Batch 138, Loss: 1.8636393547058105, Time: 2.951615810394287
07:48:58.244 bert_train.py:219 INFO: [Epoch 0/1] Batch 139, Loss: 2.2552919387817383, Time: 2.9436349868774414
07:49:01.205 bert_train.py:219 INFO: [Epoch 0/1] Batch 140, Loss: 2.3456759452819824, Time: 2.9591143131256104
07:49:04.151 bert_train.py:219 INFO: [Epoch 0/1] Batch 141, Loss: 2.144930601119995, Time: 2.944556474685669
07:49:07.100 bert_train.py:219 INFO: [Epoch 0/1] Batch 142, Loss: 2.620290994644165, Time: 2.9468064308166504
07:49:10.044 bert_train.py:219 INFO: [Epoch 0/1] Batch 143, Loss: 1.7349674701690674, Time: 2.942586660385132
07:49:12.979 bert_train.py:219 INFO: [Epoch 0/1] Batch 144, Loss: 2.1397716999053955, Time: 2.9322547912597656
07:49:15.917 bert_train.py:219 INFO: [Epoch 0/1] Batch 145, Loss: 2.137054920196533, Time: 2.936544179916382
07:49:18.865 bert_train.py:219 INFO: [Epoch 0/1] Batch 146, Loss: 2.243446111679077, Time: 2.946129083633423
07:49:21.803 bert_train.py:219 INFO: [Epoch 0/1] Batch 147, Loss: 2.0962846279144287, Time: 2.935885190963745
07:49:24.757 bert_train.py:219 INFO: [Epoch 0/1] Batch 148, Loss: 2.4066529273986816, Time: 2.9523606300354004
07:49:27.699 bert_train.py:219 INFO: [Epoch 0/1] Batch 149, Loss: 2.370253562927246, Time: 2.9393465518951416
07:49:30.644 bert_train.py:219 INFO: [Epoch 0/1] Batch 150, Loss: 1.9450628757476807, Time: 2.9433488845825195
07:49:33.600 bert_train.py:219 INFO: [Epoch 0/1] Batch 151, Loss: 2.140702962875366, Time: 2.9532666206359863
07:49:36.527 bert_train.py:219 INFO: [Epoch 0/1] Batch 152, Loss: 1.9638346433639526, Time: 2.92535138130188
07:49:39.485 bert_train.py:219 INFO: [Epoch 0/1] Batch 153, Loss: 2.514153480529785, Time: 2.9559054374694824
07:49:42.419 bert_train.py:219 INFO: [Epoch 0/1] Batch 154, Loss: 2.0536346435546875, Time: 2.9314162731170654
07:49:45.360 bert_train.py:219 INFO: [Epoch 0/1] Batch 155, Loss: 2.8673055171966553, Time: 2.9393420219421387
07:49:48.300 bert_train.py:219 INFO: [Epoch 0/1] Batch 156, Loss: 2.445791482925415, Time: 2.9386003017425537
07:49:51.242 bert_train.py:219 INFO: [Epoch 0/1] Batch 157, Loss: 2.353501558303833, Time: 2.939645767211914
07:49:54.175 bert_train.py:219 INFO: [Epoch 0/1] Batch 158, Loss: 2.1951918601989746, Time: 2.9312236309051514
07:49:57.137 bert_train.py:219 INFO: [Epoch 0/1] Batch 159, Loss: 2.406346082687378, Time: 2.959428548812866
07:50:00.071 bert_train.py:219 INFO: [Epoch 0/1] Batch 160, Loss: 2.387788772583008, Time: 2.9321236610412598
07:50:03.023 bert_train.py:219 INFO: [Epoch 0/1] Batch 161, Loss: 2.00459885597229, Time: 2.9503653049468994
07:50:05.962 bert_train.py:219 INFO: [Epoch 0/1] Batch 162, Loss: 2.473572015762329, Time: 2.9365546703338623
07:50:08.912 bert_train.py:219 INFO: [Epoch 0/1] Batch 163, Loss: 2.6097307205200195, Time: 2.9481332302093506
07:50:11.852 bert_train.py:219 INFO: [Epoch 0/1] Batch 164, Loss: 2.6995527744293213, Time: 2.9375338554382324
07:50:14.801 bert_train.py:219 INFO: [Epoch 0/1] Batch 165, Loss: 2.36803936958313, Time: 2.947390556335449
07:50:17.748 bert_train.py:219 INFO: [Epoch 0/1] Batch 166, Loss: 2.8777081966400146, Time: 2.9442999362945557
07:50:20.689 bert_train.py:219 INFO: [Epoch 0/1] Batch 167, Loss: 2.4033522605895996, Time: 2.9394619464874268
07:50:23.633 bert_train.py:219 INFO: [Epoch 0/1] Batch 168, Loss: 2.145184278488159, Time: 2.9415674209594727
07:50:26.591 bert_train.py:219 INFO: [Epoch 0/1] Batch 169, Loss: 2.3578667640686035, Time: 2.9562418460845947
07:50:29.553 bert_train.py:219 INFO: [Epoch 0/1] Batch 170, Loss: 2.7891385555267334, Time: 2.9597244262695312
07:50:32.499 bert_train.py:219 INFO: [Epoch 0/1] Batch 171, Loss: 2.3430755138397217, Time: 2.94323468208313
07:50:35.447 bert_train.py:219 INFO: [Epoch 0/1] Batch 172, Loss: 2.2522056102752686, Time: 2.946204662322998
07:50:38.390 bert_train.py:219 INFO: [Epoch 0/1] Batch 173, Loss: 2.885009527206421, Time: 2.9412178993225098
07:50:41.335 bert_train.py:219 INFO: [Epoch 0/1] Batch 174, Loss: 2.6000125408172607, Time: 2.9426190853118896
07:50:44.287 bert_train.py:219 INFO: [Epoch 0/1] Batch 175, Loss: 2.036740303039551, Time: 2.9496965408325195
07:50:47.237 bert_train.py:219 INFO: [Epoch 0/1] Batch 176, Loss: 2.3769824504852295, Time: 2.9482579231262207
07:50:50.162 bert_train.py:219 INFO: [Epoch 0/1] Batch 177, Loss: 2.6121811866760254, Time: 2.923077344894409
07:50:53.118 bert_train.py:219 INFO: [Epoch 0/1] Batch 178, Loss: 2.4891278743743896, Time: 2.9540586471557617
07:50:56.062 bert_train.py:219 INFO: [Epoch 0/1] Batch 179, Loss: 2.271732807159424, Time: 2.941448926925659
07:50:59.009 bert_train.py:219 INFO: [Epoch 0/1] Batch 180, Loss: 2.397576332092285, Time: 2.9456210136413574
07:51:01.945 bert_train.py:219 INFO: [Epoch 0/1] Batch 181, Loss: 2.365234136581421, Time: 2.9329605102539062
07:51:04.878 bert_train.py:219 INFO: [Epoch 0/1] Batch 182, Loss: 2.1455891132354736, Time: 2.931689977645874
07:51:07.826 bert_train.py:219 INFO: [Epoch 0/1] Batch 183, Loss: 2.381606340408325, Time: 2.94559645652771
07:51:10.767 bert_train.py:219 INFO: [Epoch 0/1] Batch 184, Loss: 2.4424898624420166, Time: 2.938530445098877
07:51:13.707 bert_train.py:219 INFO: [Epoch 0/1] Batch 185, Loss: 2.3867685794830322, Time: 2.938023090362549
07:51:16.673 bert_train.py:219 INFO: [Epoch 0/1] Batch 186, Loss: 2.1855878829956055, Time: 2.963923692703247
07:51:19.622 bert_train.py:219 INFO: [Epoch 0/1] Batch 187, Loss: 2.1464247703552246, Time: 2.947392463684082
07:51:22.573 bert_train.py:219 INFO: [Epoch 0/1] Batch 188, Loss: 2.303253173828125, Time: 2.9484314918518066
07:51:25.505 bert_train.py:219 INFO: [Epoch 0/1] Batch 189, Loss: 2.146860122680664, Time: 2.929903030395508
07:51:28.440 bert_train.py:219 INFO: [Epoch 0/1] Batch 190, Loss: 2.278196334838867, Time: 2.933706283569336
07:51:31.384 bert_train.py:219 INFO: [Epoch 0/1] Batch 191, Loss: 2.3925187587738037, Time: 2.9413979053497314
07:51:34.337 bert_train.py:219 INFO: [Epoch 0/1] Batch 192, Loss: 2.4339425563812256, Time: 2.9507250785827637
07:51:37.290 bert_train.py:219 INFO: [Epoch 0/1] Batch 193, Loss: 2.4600934982299805, Time: 2.9506828784942627
07:51:40.232 bert_train.py:219 INFO: [Epoch 0/1] Batch 194, Loss: 2.579930305480957, Time: 2.940232515335083
07:51:43.174 bert_train.py:219 INFO: [Epoch 0/1] Batch 195, Loss: 2.5133047103881836, Time: 2.9404730796813965
07:51:46.121 bert_train.py:219 INFO: [Epoch 0/1] Batch 196, Loss: 2.1942672729492188, Time: 2.944819927215576
07:51:49.072 bert_train.py:219 INFO: [Epoch 0/1] Batch 197, Loss: 2.5671074390411377, Time: 2.9494872093200684
07:51:52.011 bert_train.py:219 INFO: [Epoch 0/1] Batch 198, Loss: 2.123933792114258, Time: 2.936152219772339
07:51:54.963 bert_train.py:219 INFO: [Epoch 0/1] Batch 199, Loss: 2.2338922023773193, Time: 2.949774742126465
07:51:57.906 bert_train.py:219 INFO: [Epoch 0/1] Batch 200, Loss: 2.333817720413208, Time: 2.94130802154541
07:52:00.866 bert_train.py:219 INFO: [Epoch 0/1] Batch 201, Loss: 2.4591867923736572, Time: 2.9575250148773193
07:52:03.805 bert_train.py:219 INFO: [Epoch 0/1] Batch 202, Loss: 2.5776712894439697, Time: 2.9377763271331787
07:52:06.752 bert_train.py:219 INFO: [Epoch 0/1] Batch 203, Loss: 2.418607473373413, Time: 2.9449429512023926
07:52:09.697 bert_train.py:219 INFO: [Epoch 0/1] Batch 204, Loss: 2.58921217918396, Time: 2.9428250789642334
07:52:12.644 bert_train.py:219 INFO: [Epoch 0/1] Batch 205, Loss: 2.712756395339966, Time: 2.9447128772735596
07:52:15.580 bert_train.py:219 INFO: [Epoch 0/1] Batch 206, Loss: 2.2670631408691406, Time: 2.93389892578125
07:52:18.531 bert_train.py:219 INFO: [Epoch 0/1] Batch 207, Loss: 2.5380098819732666, Time: 2.9484589099884033
07:52:21.465 bert_train.py:219 INFO: [Epoch 0/1] Batch 208, Loss: 2.532151222229004, Time: 2.932304859161377
07:52:24.413 bert_train.py:219 INFO: [Epoch 0/1] Batch 209, Loss: 2.556796073913574, Time: 2.9462337493896484
07:52:27.342 bert_train.py:219 INFO: [Epoch 0/1] Batch 210, Loss: 3.0878279209136963, Time: 2.9267406463623047
07:52:30.300 bert_train.py:219 INFO: [Epoch 0/1] Batch 211, Loss: 2.8763747215270996, Time: 2.9560580253601074
07:52:33.246 bert_train.py:219 INFO: [Epoch 0/1] Batch 212, Loss: 2.3656628131866455, Time: 2.943880796432495
07:52:36.204 bert_train.py:219 INFO: [Epoch 0/1] Batch 213, Loss: 2.3861305713653564, Time: 2.9558136463165283
07:52:39.164 bert_train.py:219 INFO: [Epoch 0/1] Batch 214, Loss: 1.9966832399368286, Time: 2.9577717781066895
07:52:42.108 bert_train.py:219 INFO: [Epoch 0/1] Batch 215, Loss: 2.195864677429199, Time: 2.942566394805908
07:52:45.069 bert_train.py:219 INFO: [Epoch 0/1] Batch 216, Loss: 2.937939405441284, Time: 2.9581689834594727
07:52:48.017 bert_train.py:219 INFO: [Epoch 0/1] Batch 217, Loss: 2.79494309425354, Time: 2.9461236000061035
07:52:50.977 bert_train.py:219 INFO: [Epoch 0/1] Batch 218, Loss: 2.048780918121338, Time: 2.957951068878174
07:52:53.921 bert_train.py:219 INFO: [Epoch 0/1] Batch 219, Loss: 2.2130308151245117, Time: 2.9427223205566406
07:52:56.873 bert_train.py:219 INFO: [Epoch 0/1] Batch 220, Loss: 2.5788772106170654, Time: 2.9503183364868164
07:52:59.820 bert_train.py:219 INFO: [Epoch 0/1] Batch 221, Loss: 2.5363898277282715, Time: 2.9451544284820557
07:53:02.775 bert_train.py:219 INFO: [Epoch 0/1] Batch 222, Loss: 2.2015621662139893, Time: 2.952239513397217
07:53:05.720 bert_train.py:219 INFO: [Epoch 0/1] Batch 223, Loss: 2.00120210647583, Time: 2.9430742263793945
07:53:08.678 bert_train.py:219 INFO: [Epoch 0/1] Batch 224, Loss: 2.3907151222229004, Time: 2.956164836883545
07:53:11.625 bert_train.py:219 INFO: [Epoch 0/1] Batch 225, Loss: 2.35701060295105, Time: 2.9449756145477295
07:53:14.569 bert_train.py:219 INFO: [Epoch 0/1] Batch 226, Loss: 2.3975539207458496, Time: 2.942101240158081
07:53:17.512 bert_train.py:219 INFO: [Epoch 0/1] Batch 227, Loss: 2.1227338314056396, Time: 2.941061019897461
07:53:20.465 bert_train.py:219 INFO: [Epoch 0/1] Batch 228, Loss: 2.1799185276031494, Time: 2.952051877975464
07:53:23.411 bert_train.py:219 INFO: [Epoch 0/1] Batch 229, Loss: 2.1331794261932373, Time: 2.9433608055114746
07:53:26.365 bert_train.py:219 INFO: [Epoch 0/1] Batch 230, Loss: 2.9500930309295654, Time: 2.952057361602783
07:53:29.306 bert_train.py:219 INFO: [Epoch 0/1] Batch 231, Loss: 2.466477394104004, Time: 2.938462495803833
07:53:32.262 bert_train.py:219 INFO: [Epoch 0/1] Batch 232, Loss: 2.5806376934051514, Time: 2.9541773796081543
07:53:35.200 bert_train.py:219 INFO: [Epoch 0/1] Batch 233, Loss: 2.5091397762298584, Time: 2.9362335205078125
07:53:38.145 bert_train.py:219 INFO: [Epoch 0/1] Batch 234, Loss: 2.9913721084594727, Time: 2.9421584606170654
07:53:41.103 bert_train.py:219 INFO: [Epoch 0/1] Batch 235, Loss: 2.5091099739074707, Time: 2.956221103668213
07:53:44.040 bert_train.py:219 INFO: [Epoch 0/1] Batch 236, Loss: 2.3747713565826416, Time: 2.9350364208221436
07:53:47.003 bert_train.py:219 INFO: [Epoch 0/1] Batch 237, Loss: 2.3476765155792236, Time: 2.9611756801605225
07:53:49.948 bert_train.py:219 INFO: [Epoch 0/1] Batch 238, Loss: 2.578899621963501, Time: 2.9433183670043945
07:53:52.904 bert_train.py:219 INFO: [Epoch 0/1] Batch 239, Loss: 2.165174722671509, Time: 2.9532394409179688
07:53:55.841 bert_train.py:219 INFO: [Epoch 0/1] Batch 240, Loss: 2.1278598308563232, Time: 2.9353904724121094
07:53:58.790 bert_train.py:219 INFO: [Epoch 0/1] Batch 241, Loss: 2.528904914855957, Time: 2.9469757080078125
07:54:01.738 bert_train.py:219 INFO: [Epoch 0/1] Batch 242, Loss: 2.878146171569824, Time: 2.946014642715454
07:54:04.694 bert_train.py:219 INFO: [Epoch 0/1] Batch 243, Loss: 2.717923402786255, Time: 2.9537928104400635
07:54:07.638 bert_train.py:219 INFO: [Epoch 0/1] Batch 244, Loss: 2.4239003658294678, Time: 2.9420876502990723
07:54:10.595 bert_train.py:219 INFO: [Epoch 0/1] Batch 245, Loss: 2.267869472503662, Time: 2.9550700187683105
07:54:13.545 bert_train.py:219 INFO: [Epoch 0/1] Batch 246, Loss: 4.456663131713867, Time: 2.9480679035186768
07:54:16.491 bert_train.py:219 INFO: [Epoch 0/1] Batch 247, Loss: 2.886890172958374, Time: 2.9434573650360107
07:54:19.447 bert_train.py:219 INFO: [Epoch 0/1] Batch 248, Loss: 2.3146491050720215, Time: 2.9543297290802
07:54:22.383 bert_train.py:219 INFO: [Epoch 0/1] Batch 249, Loss: 2.148162364959717, Time: 2.933227300643921
07:54:25.323 bert_train.py:219 INFO: [Epoch 0/1] Batch 250, Loss: 2.390974283218384, Time: 2.9376704692840576
07:54:28.261 bert_train.py:219 INFO: [Epoch 0/1] Batch 251, Loss: 3.1770143508911133, Time: 2.936596393585205
07:54:31.209 bert_train.py:219 INFO: [Epoch 0/1] Batch 252, Loss: 2.6735198497772217, Time: 2.9459311962127686
07:54:34.157 bert_train.py:219 INFO: [Epoch 0/1] Batch 253, Loss: 2.734614372253418, Time: 2.945758819580078
07:54:37.096 bert_train.py:219 INFO: [Epoch 0/1] Batch 254, Loss: 2.328538179397583, Time: 2.936309814453125
07:54:40.037 bert_train.py:219 INFO: [Epoch 0/1] Batch 255, Loss: 2.513484001159668, Time: 2.9394688606262207
07:54:42.985 bert_train.py:219 INFO: [Epoch 0/1] Batch 256, Loss: 2.486752986907959, Time: 2.9463770389556885
07:54:45.936 bert_train.py:219 INFO: [Epoch 0/1] Batch 257, Loss: 2.737118721008301, Time: 2.9490935802459717
07:54:48.889 bert_train.py:219 INFO: [Epoch 0/1] Batch 258, Loss: 2.505460023880005, Time: 2.950961112976074
07:54:51.825 bert_train.py:219 INFO: [Epoch 0/1] Batch 259, Loss: 2.602647542953491, Time: 2.933694362640381
07:54:54.777 bert_train.py:219 INFO: [Epoch 0/1] Batch 260, Loss: 2.510819673538208, Time: 2.95011830329895
07:54:57.719 bert_train.py:219 INFO: [Epoch 0/1] Batch 261, Loss: 3.042816638946533, Time: 2.9395134449005127
07:55:00.674 bert_train.py:219 INFO: [Epoch 0/1] Batch 262, Loss: 2.81976580619812, Time: 2.953378677368164
07:55:03.639 bert_train.py:219 INFO: [Epoch 0/1] Batch 263, Loss: 2.23189115524292, Time: 2.9624550342559814
07:55:06.585 bert_train.py:219 INFO: [Epoch 0/1] Batch 264, Loss: 2.452829360961914, Time: 2.9437201023101807
07:55:09.526 bert_train.py:219 INFO: [Epoch 0/1] Batch 265, Loss: 2.726022958755493, Time: 2.939528226852417
07:55:12.473 bert_train.py:219 INFO: [Epoch 0/1] Batch 266, Loss: 2.349503755569458, Time: 2.944350004196167
07:55:15.431 bert_train.py:219 INFO: [Epoch 0/1] Batch 267, Loss: 2.5855491161346436, Time: 2.9564363956451416
07:55:18.392 bert_train.py:219 INFO: [Epoch 0/1] Batch 268, Loss: 2.9027087688446045, Time: 2.9586429595947266
07:55:21.343 bert_train.py:219 INFO: [Epoch 0/1] Batch 269, Loss: 2.119163990020752, Time: 2.94887113571167
07:55:24.296 bert_train.py:219 INFO: [Epoch 0/1] Batch 270, Loss: 2.2633965015411377, Time: 2.950981855392456
07:55:27.244 bert_train.py:219 INFO: [Epoch 0/1] Batch 271, Loss: 2.374448537826538, Time: 2.9461777210235596
07:55:30.198 bert_train.py:219 INFO: [Epoch 0/1] Batch 272, Loss: 2.3669593334198, Time: 2.951899290084839
07:55:33.159 bert_train.py:219 INFO: [Epoch 0/1] Batch 273, Loss: 2.937195062637329, Time: 2.9593067169189453
07:55:36.092 bert_train.py:219 INFO: [Epoch 0/1] Batch 274, Loss: 2.898679733276367, Time: 2.930379867553711
07:55:39.053 bert_train.py:219 INFO: [Epoch 0/1] Batch 275, Loss: 2.6108038425445557, Time: 2.9594175815582275
07:55:41.998 bert_train.py:219 INFO: [Epoch 0/1] Batch 276, Loss: 2.5344479084014893, Time: 2.942674160003662
07:55:44.950 bert_train.py:219 INFO: [Epoch 0/1] Batch 277, Loss: 2.9574782848358154, Time: 2.9499316215515137
07:55:47.901 bert_train.py:219 INFO: [Epoch 0/1] Batch 278, Loss: 2.17564058303833, Time: 2.9489364624023438
07:55:50.843 bert_train.py:219 INFO: [Epoch 0/1] Batch 279, Loss: 1.9349510669708252, Time: 2.9398293495178223
07:55:53.792 bert_train.py:219 INFO: [Epoch 0/1] Batch 280, Loss: 2.2120065689086914, Time: 2.9460275173187256
07:55:56.742 bert_train.py:219 INFO: [Epoch 0/1] Batch 281, Loss: 2.903257369995117, Time: 2.9485392570495605
07:55:59.691 bert_train.py:219 INFO: [Epoch 0/1] Batch 282, Loss: 2.4710304737091064, Time: 2.946460008621216
07:56:02.636 bert_train.py:219 INFO: [Epoch 0/1] Batch 283, Loss: 2.5502114295959473, Time: 2.943284273147583
07:56:05.581 bert_train.py:219 INFO: [Epoch 0/1] Batch 284, Loss: 2.46450138092041, Time: 2.94260311126709
07:56:08.530 bert_train.py:219 INFO: [Epoch 0/1] Batch 285, Loss: 2.567214012145996, Time: 2.947263240814209
07:56:11.473 bert_train.py:219 INFO: [Epoch 0/1] Batch 286, Loss: 2.211306095123291, Time: 2.9410159587860107
07:56:14.427 bert_train.py:219 INFO: [Epoch 0/1] Batch 287, Loss: 3.2092206478118896, Time: 2.951730489730835
07:56:17.376 bert_train.py:219 INFO: [Epoch 0/1] Batch 288, Loss: 2.57531476020813, Time: 2.9463837146759033
07:56:20.334 bert_train.py:219 INFO: [Epoch 0/1] Batch 289, Loss: 2.3135459423065186, Time: 2.956803321838379
07:56:23.278 bert_train.py:219 INFO: [Epoch 0/1] Batch 290, Loss: 2.752094030380249, Time: 2.941518545150757
07:56:26.234 bert_train.py:219 INFO: [Epoch 0/1] Batch 291, Loss: 2.440519094467163, Time: 2.9545252323150635
07:56:29.180 bert_train.py:219 INFO: [Epoch 0/1] Batch 292, Loss: 2.6918675899505615, Time: 2.944413661956787
07:56:32.135 bert_train.py:219 INFO: [Epoch 0/1] Batch 293, Loss: 2.4114015102386475, Time: 2.9526526927948
07:56:35.072 bert_train.py:219 INFO: [Epoch 0/1] Batch 294, Loss: 2.811094045639038, Time: 2.9344635009765625
07:56:38.022 bert_train.py:219 INFO: [Epoch 0/1] Batch 295, Loss: 2.8229730129241943, Time: 2.9482719898223877
07:56:40.986 bert_train.py:219 INFO: [Epoch 0/1] Batch 296, Loss: 2.259960889816284, Time: 2.9614155292510986
07:56:43.931 bert_train.py:219 INFO: [Epoch 0/1] Batch 297, Loss: 2.810555934906006, Time: 2.9435036182403564
07:56:46.876 bert_train.py:219 INFO: [Epoch 0/1] Batch 298, Loss: 3.2210636138916016, Time: 2.9422988891601562
07:56:49.819 bert_train.py:219 INFO: [Epoch 0/1] Batch 299, Loss: 2.971558094024658, Time: 2.9413583278656006
07:56:52.764 bert_train.py:219 INFO: [Epoch 0/1] Batch 300, Loss: 2.6268131732940674, Time: 2.9440693855285645
07:56:52.936 bert_train.py:240 INFO: [Rank 0/4] Batch 300  ———————————————>  ALL Time: 885.8059747219086
