11:21:04.841 train.py:84 INFO: [Rank 3/4] Initialized DeepSpeed
11:21:04.845 train.py:84 INFO: [Rank 1/4] Initialized DeepSpeed
11:21:04.850 train.py:84 INFO: [Rank 2/4] Initialized DeepSpeed
11:21:04.851 train.py:84 INFO: [Rank 0/4] Initialized DeepSpeed
11:21:04.933 train.py:89 INFO: [Rank 3/4] Tokenizer loaded successfully.
11:21:04.950 train.py:89 INFO: [Rank 1/4] Tokenizer loaded successfully.
11:21:05.008 train.py:89 INFO: [Rank 2/4] Tokenizer loaded successfully.
11:21:05.010 train.py:89 INFO: [Rank 0/4] Tokenizer loaded successfully.
11:21:05.784 train.py:151 INFO: [Rank 3/4] Dataset loaded successfully.
11:21:05.870 train.py:151 INFO: [Rank 2/4] Dataset loaded successfully.
11:21:06.355 train.py:151 INFO: [Rank 1/4] Dataset loaded successfully.
11:21:06.523 train.py:151 INFO: [Rank 0/4] Dataset loaded successfully.
11:21:07.325 train.py:160 INFO: [Rank 3/4] Model loaded successfully.
11:21:07.705 train.py:160 INFO: [Rank 1/4] Model loaded successfully.
11:21:07.735 train.py:160 INFO: [Rank 2/4] Model loaded successfully.
11:21:08.145 train.py:160 INFO: [Rank 0/4] Model loaded successfully.
11:21:30.507 train.py:191 INFO: [Rank 3/4] -----------> epochs:1 iterations:28147 batchsize:16 all_b:64
11:21:30.507 train.py:198 INFO: [Rank 3/4] Load checkpoints use0.000s
11:21:30.529 train.py:191 INFO: [Rank 2/4] -----------> epochs:1 iterations:28147 batchsize:16 all_b:64
11:21:30.529 train.py:198 INFO: [Rank 2/4] Load checkpoints use0.000s
11:21:30.540 train.py:191 INFO: [Rank 0/4] -----------> epochs:1 iterations:28147 batchsize:16 all_b:64
11:21:30.540 train.py:191 INFO: [Rank 1/4] -----------> epochs:1 iterations:28147 batchsize:16 all_b:64
11:21:30.540 train.py:198 INFO: [Rank 0/4] Load checkpoints use0.000s
11:21:30.540 train.py:198 INFO: [Rank 1/4] Load checkpoints use0.000s
11:21:36.906 train.py:219 INFO: [Epoch 0/1] Batch 0, Loss: 3.6467041969299316, Time: 5.968545198440552
11:21:42.675 train.py:219 INFO: [Epoch 0/1] Batch 1, Loss: 16.240297317504883, Time: 5.7680983543396
11:21:48.506 train.py:219 INFO: [Epoch 0/1] Batch 2, Loss: 16.386322021484375, Time: 5.829591512680054
11:21:54.263 train.py:219 INFO: [Epoch 0/1] Batch 3, Loss: 10.249175071716309, Time: 5.75079870223999
11:22:00.052 train.py:219 INFO: [Epoch 0/1] Batch 4, Loss: 9.636762619018555, Time: 5.787888765335083
11:22:05.846 train.py:219 INFO: [Epoch 0/1] Batch 5, Loss: 8.143056869506836, Time: 5.79382848739624
11:22:11.654 train.py:219 INFO: [Epoch 0/1] Batch 6, Loss: 7.1500020027160645, Time: 5.807183504104614
11:22:17.475 train.py:219 INFO: [Epoch 0/1] Batch 7, Loss: 6.349213600158691, Time: 5.821082830429077
11:22:23.296 train.py:219 INFO: [Epoch 0/1] Batch 8, Loss: 5.9758219718933105, Time: 5.819889068603516
11:22:29.121 train.py:219 INFO: [Epoch 0/1] Batch 9, Loss: 4.883112907409668, Time: 5.82440185546875
11:22:34.961 train.py:219 INFO: [Epoch 0/1] Batch 10, Loss: 4.751580238342285, Time: 5.8379387855529785
11:22:40.800 train.py:219 INFO: [Epoch 0/1] Batch 11, Loss: 4.163763046264648, Time: 5.836946249008179
11:22:46.650 train.py:219 INFO: [Epoch 0/1] Batch 12, Loss: 3.9370036125183105, Time: 5.849673509597778
11:22:52.534 train.py:219 INFO: [Epoch 0/1] Batch 13, Loss: 3.7361159324645996, Time: 5.883594036102295
11:22:58.384 train.py:219 INFO: [Epoch 0/1] Batch 14, Loss: 4.074203968048096, Time: 5.85000205039978
11:23:04.265 train.py:219 INFO: [Epoch 0/1] Batch 15, Loss: 3.693943977355957, Time: 5.879785060882568
11:23:10.119 train.py:219 INFO: [Epoch 0/1] Batch 16, Loss: 3.7885375022888184, Time: 5.852339267730713
11:23:15.982 train.py:219 INFO: [Epoch 0/1] Batch 17, Loss: 3.457901954650879, Time: 5.861449241638184
11:23:21.860 train.py:219 INFO: [Epoch 0/1] Batch 18, Loss: 3.4795608520507812, Time: 5.875798463821411
11:23:27.745 train.py:219 INFO: [Epoch 0/1] Batch 19, Loss: 3.384624481201172, Time: 5.882701635360718
11:23:33.634 train.py:219 INFO: [Epoch 0/1] Batch 20, Loss: 3.501865863800049, Time: 5.887460470199585
11:23:39.509 train.py:219 INFO: [Epoch 0/1] Batch 21, Loss: 3.8037242889404297, Time: 5.872156858444214
11:23:45.391 train.py:219 INFO: [Epoch 0/1] Batch 22, Loss: 3.3765087127685547, Time: 5.881021499633789
11:23:51.281 train.py:219 INFO: [Epoch 0/1] Batch 23, Loss: 3.497512102127075, Time: 5.887582063674927
11:23:57.159 train.py:219 INFO: [Epoch 0/1] Batch 24, Loss: 3.267773151397705, Time: 5.875859975814819
11:24:03.033 train.py:219 INFO: [Epoch 0/1] Batch 25, Loss: 3.683223009109497, Time: 5.872779607772827
11:24:08.926 train.py:219 INFO: [Epoch 0/1] Batch 26, Loss: 3.7049007415771484, Time: 5.889904260635376
11:24:14.806 train.py:219 INFO: [Epoch 0/1] Batch 27, Loss: 3.5264217853546143, Time: 5.878875970840454
11:24:20.688 train.py:219 INFO: [Epoch 0/1] Batch 28, Loss: 3.8713927268981934, Time: 5.88015341758728
11:24:26.589 train.py:219 INFO: [Epoch 0/1] Batch 29, Loss: 3.3272745609283447, Time: 5.899869680404663
11:24:32.474 train.py:219 INFO: [Epoch 0/1] Batch 30, Loss: 3.292515516281128, Time: 5.882580757141113
11:24:38.374 train.py:219 INFO: [Epoch 0/1] Batch 31, Loss: 3.3738646507263184, Time: 5.898440837860107
11:24:44.268 train.py:219 INFO: [Epoch 0/1] Batch 32, Loss: 3.290865659713745, Time: 5.892204523086548
11:24:50.169 train.py:219 INFO: [Epoch 0/1] Batch 33, Loss: 3.2384791374206543, Time: 5.899635553359985
11:24:56.069 train.py:219 INFO: [Epoch 0/1] Batch 34, Loss: 3.2795770168304443, Time: 5.897768497467041
11:25:01.953 train.py:219 INFO: [Epoch 0/1] Batch 35, Loss: 3.4866042137145996, Time: 5.882296800613403
11:25:07.835 train.py:219 INFO: [Epoch 0/1] Batch 36, Loss: 3.59537672996521, Time: 5.880428791046143
11:25:13.728 train.py:219 INFO: [Epoch 0/1] Batch 37, Loss: 3.2024548053741455, Time: 5.8908374309539795
11:25:19.603 train.py:219 INFO: [Epoch 0/1] Batch 38, Loss: 3.4802963733673096, Time: 5.873079776763916
11:25:25.484 train.py:219 INFO: [Epoch 0/1] Batch 39, Loss: 3.493403196334839, Time: 5.879698991775513
11:25:31.374 train.py:219 INFO: [Epoch 0/1] Batch 40, Loss: 3.5727663040161133, Time: 5.887766361236572
11:25:37.275 train.py:219 INFO: [Epoch 0/1] Batch 41, Loss: 3.529327630996704, Time: 5.899757623672485
11:25:43.178 train.py:219 INFO: [Epoch 0/1] Batch 42, Loss: 3.5016720294952393, Time: 5.900139808654785
11:25:49.082 train.py:219 INFO: [Epoch 0/1] Batch 43, Loss: 3.5316619873046875, Time: 5.902326345443726
11:25:54.961 train.py:219 INFO: [Epoch 0/1] Batch 44, Loss: 3.4080145359039307, Time: 5.87769341468811
11:26:00.846 train.py:219 INFO: [Epoch 0/1] Batch 45, Loss: 3.5972089767456055, Time: 5.883141756057739
11:26:06.730 train.py:219 INFO: [Epoch 0/1] Batch 46, Loss: 3.7059574127197266, Time: 5.881801605224609
11:26:12.632 train.py:219 INFO: [Epoch 0/1] Batch 47, Loss: 3.591888904571533, Time: 5.900318384170532
11:26:18.532 train.py:219 INFO: [Epoch 0/1] Batch 48, Loss: 3.377208709716797, Time: 5.8978400230407715
11:26:24.423 train.py:219 INFO: [Epoch 0/1] Batch 49, Loss: 3.3452649116516113, Time: 5.889528751373291
11:26:30.315 train.py:219 INFO: [Epoch 0/1] Batch 50, Loss: 4.149630546569824, Time: 5.890009880065918
11:26:36.198 train.py:219 INFO: [Epoch 0/1] Batch 51, Loss: 3.8183276653289795, Time: 5.8804192543029785
11:26:42.108 train.py:219 INFO: [Epoch 0/1] Batch 52, Loss: 3.9613826274871826, Time: 5.908039808273315
11:26:47.985 train.py:219 INFO: [Epoch 0/1] Batch 53, Loss: 3.6737172603607178, Time: 5.875654220581055
11:26:53.883 train.py:219 INFO: [Epoch 0/1] Batch 54, Loss: 3.830071210861206, Time: 5.8959574699401855
11:26:59.781 train.py:219 INFO: [Epoch 0/1] Batch 55, Loss: 3.667682647705078, Time: 5.8964245319366455
11:27:05.682 train.py:219 INFO: [Epoch 0/1] Batch 56, Loss: 3.681917905807495, Time: 5.898499250411987
11:27:11.575 train.py:219 INFO: [Epoch 0/1] Batch 57, Loss: 3.715073823928833, Time: 5.89201283454895
11:27:17.470 train.py:219 INFO: [Epoch 0/1] Batch 58, Loss: 3.391754150390625, Time: 5.893088340759277
11:27:23.371 train.py:219 INFO: [Epoch 0/1] Batch 59, Loss: 3.9578611850738525, Time: 5.898891448974609
11:27:29.288 train.py:219 INFO: [Epoch 0/1] Batch 60, Loss: 3.9678196907043457, Time: 5.91565728187561
11:27:35.178 train.py:219 INFO: [Epoch 0/1] Batch 61, Loss: 3.9184935092926025, Time: 5.888141870498657
11:27:41.079 train.py:219 INFO: [Epoch 0/1] Batch 62, Loss: 3.741778612136841, Time: 5.898818016052246
11:27:46.976 train.py:219 INFO: [Epoch 0/1] Batch 63, Loss: 3.5850088596343994, Time: 5.895531415939331
11:27:52.867 train.py:219 INFO: [Epoch 0/1] Batch 64, Loss: 3.747022867202759, Time: 5.88915753364563
11:27:58.756 train.py:219 INFO: [Epoch 0/1] Batch 65, Loss: 3.7466726303100586, Time: 5.8871026039123535
11:28:04.655 train.py:219 INFO: [Epoch 0/1] Batch 66, Loss: 3.517404317855835, Time: 5.897366285324097
11:28:10.564 train.py:219 INFO: [Epoch 0/1] Batch 67, Loss: 3.630652904510498, Time: 5.906952381134033
11:28:16.468 train.py:219 INFO: [Epoch 0/1] Batch 68, Loss: 3.8994483947753906, Time: 5.902914762496948
11:28:22.370 train.py:219 INFO: [Epoch 0/1] Batch 69, Loss: 3.4570252895355225, Time: 5.900384902954102
11:28:28.260 train.py:219 INFO: [Epoch 0/1] Batch 70, Loss: 3.689523935317993, Time: 5.888017654418945
11:28:34.169 train.py:219 INFO: [Epoch 0/1] Batch 71, Loss: 3.9169178009033203, Time: 5.9067559242248535
11:28:40.058 train.py:219 INFO: [Epoch 0/1] Batch 72, Loss: 3.396589756011963, Time: 5.887645959854126
11:28:45.946 train.py:219 INFO: [Epoch 0/1] Batch 73, Loss: 3.6245224475860596, Time: 5.886571407318115
11:28:51.828 train.py:219 INFO: [Epoch 0/1] Batch 74, Loss: 3.447326183319092, Time: 5.880130767822266
11:28:57.722 train.py:219 INFO: [Epoch 0/1] Batch 75, Loss: 3.628737688064575, Time: 5.891615390777588
11:29:03.608 train.py:219 INFO: [Epoch 0/1] Batch 76, Loss: 3.3153913021087646, Time: 5.883927583694458
11:29:09.504 train.py:219 INFO: [Epoch 0/1] Batch 77, Loss: 3.969571828842163, Time: 5.89478063583374
11:29:15.381 train.py:219 INFO: [Epoch 0/1] Batch 78, Loss: 3.4472267627716064, Time: 5.875075340270996
11:29:21.281 train.py:219 INFO: [Epoch 0/1] Batch 79, Loss: 3.8439674377441406, Time: 5.898166656494141
11:29:27.168 train.py:219 INFO: [Epoch 0/1] Batch 80, Loss: 3.6120450496673584, Time: 5.884852409362793
11:29:33.061 train.py:219 INFO: [Epoch 0/1] Batch 81, Loss: 3.815499782562256, Time: 5.891324281692505
11:29:38.949 train.py:219 INFO: [Epoch 0/1] Batch 82, Loss: 3.9187405109405518, Time: 5.885876178741455
11:29:44.844 train.py:219 INFO: [Epoch 0/1] Batch 83, Loss: 3.8791205883026123, Time: 5.893102645874023
11:29:50.729 train.py:219 INFO: [Epoch 0/1] Batch 84, Loss: 3.6248509883880615, Time: 5.883480787277222
11:29:56.621 train.py:219 INFO: [Epoch 0/1] Batch 85, Loss: 3.751145601272583, Time: 5.8901238441467285
11:30:02.506 train.py:219 INFO: [Epoch 0/1] Batch 86, Loss: 3.9160845279693604, Time: 5.883573293685913
11:30:08.391 train.py:219 INFO: [Epoch 0/1] Batch 87, Loss: 3.958688974380493, Time: 5.883381366729736
11:30:14.296 train.py:219 INFO: [Epoch 0/1] Batch 88, Loss: 3.5160183906555176, Time: 5.902585744857788
11:30:20.195 train.py:219 INFO: [Epoch 0/1] Batch 89, Loss: 3.4555861949920654, Time: 5.8966064453125
11:30:26.093 train.py:219 INFO: [Epoch 0/1] Batch 90, Loss: 3.844095230102539, Time: 5.896456480026245
11:30:31.992 train.py:219 INFO: [Epoch 0/1] Batch 91, Loss: 3.6813805103302, Time: 5.8964667320251465
11:30:37.890 train.py:219 INFO: [Epoch 0/1] Batch 92, Loss: 3.679487466812134, Time: 5.896319627761841
11:30:43.797 train.py:219 INFO: [Epoch 0/1] Batch 93, Loss: 3.8615689277648926, Time: 5.904351472854614
11:30:49.696 train.py:219 INFO: [Epoch 0/1] Batch 94, Loss: 3.7734405994415283, Time: 5.896710634231567
11:30:55.577 train.py:219 INFO: [Epoch 0/1] Batch 95, Loss: 3.867111921310425, Time: 5.87939190864563
11:31:01.463 train.py:219 INFO: [Epoch 0/1] Batch 96, Loss: 3.181962728500366, Time: 5.884103775024414
11:31:07.344 train.py:219 INFO: [Epoch 0/1] Batch 97, Loss: 3.904916286468506, Time: 5.878884315490723
11:31:13.243 train.py:219 INFO: [Epoch 0/1] Batch 98, Loss: 3.9902408123016357, Time: 5.896983861923218
11:31:19.131 train.py:219 INFO: [Epoch 0/1] Batch 99, Loss: 3.282111406326294, Time: 5.886276960372925
11:31:25.014 train.py:219 INFO: [Epoch 0/1] Batch 100, Loss: 3.737499952316284, Time: 5.880951404571533
11:31:30.902 train.py:219 INFO: [Epoch 0/1] Batch 101, Loss: 3.935502529144287, Time: 5.8857786655426025
11:31:36.790 train.py:219 INFO: [Epoch 0/1] Batch 102, Loss: 3.632159948348999, Time: 5.886545896530151
11:31:42.663 train.py:219 INFO: [Epoch 0/1] Batch 103, Loss: 3.9308090209960938, Time: 5.871112585067749
11:31:48.551 train.py:219 INFO: [Epoch 0/1] Batch 104, Loss: 3.8295037746429443, Time: 5.88605809211731
11:31:54.433 train.py:219 INFO: [Epoch 0/1] Batch 105, Loss: 3.7335686683654785, Time: 5.8806471824646
11:32:00.331 train.py:219 INFO: [Epoch 0/1] Batch 106, Loss: 3.873239517211914, Time: 5.896592140197754
11:32:06.223 train.py:219 INFO: [Epoch 0/1] Batch 107, Loss: 3.2216506004333496, Time: 5.890033006668091
11:32:12.121 train.py:219 INFO: [Epoch 0/1] Batch 108, Loss: 3.9986910820007324, Time: 5.895848512649536
11:32:18.011 train.py:219 INFO: [Epoch 0/1] Batch 109, Loss: 3.9059715270996094, Time: 5.887991666793823
11:32:23.897 train.py:219 INFO: [Epoch 0/1] Batch 110, Loss: 3.845440149307251, Time: 5.884226322174072
11:32:29.783 train.py:219 INFO: [Epoch 0/1] Batch 111, Loss: 3.9834985733032227, Time: 5.884483814239502
11:32:35.662 train.py:219 INFO: [Epoch 0/1] Batch 112, Loss: 3.845259666442871, Time: 5.876675844192505
11:32:41.557 train.py:219 INFO: [Epoch 0/1] Batch 113, Loss: 3.9422388076782227, Time: 5.893553733825684
11:32:47.433 train.py:219 INFO: [Epoch 0/1] Batch 114, Loss: 3.5503077507019043, Time: 5.8744120597839355
11:32:53.331 train.py:219 INFO: [Epoch 0/1] Batch 115, Loss: 4.021639823913574, Time: 5.896722793579102
11:32:59.221 train.py:219 INFO: [Epoch 0/1] Batch 116, Loss: 3.6802055835723877, Time: 5.887901067733765
11:33:05.115 train.py:219 INFO: [Epoch 0/1] Batch 117, Loss: 3.563910484313965, Time: 5.892106533050537
11:33:11.015 train.py:219 INFO: [Epoch 0/1] Batch 118, Loss: 3.446929931640625, Time: 5.8968422412872314
11:33:16.901 train.py:219 INFO: [Epoch 0/1] Batch 119, Loss: 3.7376973628997803, Time: 5.884203672409058
11:33:22.787 train.py:219 INFO: [Epoch 0/1] Batch 120, Loss: 3.6884405612945557, Time: 5.884092092514038
11:33:28.677 train.py:219 INFO: [Epoch 0/1] Batch 121, Loss: 3.89965558052063, Time: 5.888292074203491
11:33:34.567 train.py:219 INFO: [Epoch 0/1] Batch 122, Loss: 4.16158390045166, Time: 5.888417720794678
11:33:40.456 train.py:219 INFO: [Epoch 0/1] Batch 123, Loss: 3.7280404567718506, Time: 5.8868303298950195
11:33:46.343 train.py:219 INFO: [Epoch 0/1] Batch 124, Loss: 4.183872699737549, Time: 5.8845484256744385
11:33:52.237 train.py:219 INFO: [Epoch 0/1] Batch 125, Loss: 3.9210877418518066, Time: 5.891788005828857
11:33:58.131 train.py:219 INFO: [Epoch 0/1] Batch 126, Loss: 3.770524740219116, Time: 5.8921589851379395
11:34:04.038 train.py:219 INFO: [Epoch 0/1] Batch 127, Loss: 4.130331993103027, Time: 5.904588222503662
11:34:09.932 train.py:219 INFO: [Epoch 0/1] Batch 128, Loss: 3.9677793979644775, Time: 5.892139196395874
11:34:15.823 train.py:219 INFO: [Epoch 0/1] Batch 129, Loss: 3.91266131401062, Time: 5.889512777328491
11:34:21.706 train.py:219 INFO: [Epoch 0/1] Batch 130, Loss: 3.840568780899048, Time: 5.8809638023376465
11:34:27.583 train.py:219 INFO: [Epoch 0/1] Batch 131, Loss: 3.7825961112976074, Time: 5.875102996826172
11:34:33.467 train.py:219 INFO: [Epoch 0/1] Batch 132, Loss: 3.866511821746826, Time: 5.882047653198242
11:34:39.357 train.py:219 INFO: [Epoch 0/1] Batch 133, Loss: 3.9238386154174805, Time: 5.888361215591431
11:34:45.247 train.py:219 INFO: [Epoch 0/1] Batch 134, Loss: 4.06204891204834, Time: 5.8880064487457275
11:34:51.135 train.py:219 INFO: [Epoch 0/1] Batch 135, Loss: 3.8533859252929688, Time: 5.885403633117676
11:34:57.025 train.py:219 INFO: [Epoch 0/1] Batch 136, Loss: 3.7975404262542725, Time: 5.8885862827301025
11:35:02.917 train.py:219 INFO: [Epoch 0/1] Batch 137, Loss: 3.8902978897094727, Time: 5.889356851577759
11:35:08.813 train.py:219 INFO: [Epoch 0/1] Batch 138, Loss: 3.924978017807007, Time: 5.894656419754028
11:35:14.709 train.py:219 INFO: [Epoch 0/1] Batch 139, Loss: 3.8516526222229004, Time: 5.89392614364624
11:35:20.622 train.py:219 INFO: [Epoch 0/1] Batch 140, Loss: 3.619154930114746, Time: 5.911263704299927
11:35:26.503 train.py:219 INFO: [Epoch 0/1] Batch 141, Loss: 3.927335262298584, Time: 5.879305362701416
11:35:32.393 train.py:219 INFO: [Epoch 0/1] Batch 142, Loss: 3.8984413146972656, Time: 5.8877112865448
11:35:38.282 train.py:219 INFO: [Epoch 0/1] Batch 143, Loss: 3.9712064266204834, Time: 5.886993169784546
11:35:44.167 train.py:219 INFO: [Epoch 0/1] Batch 144, Loss: 4.1316094398498535, Time: 5.883598566055298
11:35:50.063 train.py:219 INFO: [Epoch 0/1] Batch 145, Loss: 3.9737179279327393, Time: 5.89335298538208
11:35:55.959 train.py:219 INFO: [Epoch 0/1] Batch 146, Loss: 3.946714401245117, Time: 5.894788026809692
11:36:01.846 train.py:219 INFO: [Epoch 0/1] Batch 147, Loss: 3.7577998638153076, Time: 5.8843653202056885
11:36:07.747 train.py:219 INFO: [Epoch 0/1] Batch 148, Loss: 3.8027827739715576, Time: 5.899919033050537
11:36:13.642 train.py:219 INFO: [Epoch 0/1] Batch 149, Loss: 3.83703351020813, Time: 5.8932342529296875
11:36:19.556 train.py:219 INFO: [Epoch 0/1] Batch 150, Loss: 4.022480487823486, Time: 5.912281274795532
11:36:25.448 train.py:219 INFO: [Epoch 0/1] Batch 151, Loss: 4.246798038482666, Time: 5.890185356140137
11:36:31.333 train.py:219 INFO: [Epoch 0/1] Batch 152, Loss: 4.325746059417725, Time: 5.882571458816528
11:36:37.233 train.py:219 INFO: [Epoch 0/1] Batch 153, Loss: 3.785705089569092, Time: 5.89891791343689
11:36:43.120 train.py:219 INFO: [Epoch 0/1] Batch 154, Loss: 4.051475524902344, Time: 5.884460210800171
11:36:49.011 train.py:219 INFO: [Epoch 0/1] Batch 155, Loss: 3.802009344100952, Time: 5.888659477233887
11:36:54.905 train.py:219 INFO: [Epoch 0/1] Batch 156, Loss: 4.062314510345459, Time: 5.8929078578948975
11:37:00.801 train.py:219 INFO: [Epoch 0/1] Batch 157, Loss: 3.6067636013031006, Time: 5.89328408241272
11:37:06.693 train.py:219 INFO: [Epoch 0/1] Batch 158, Loss: 3.7801196575164795, Time: 5.890038967132568
11:37:12.583 train.py:219 INFO: [Epoch 0/1] Batch 159, Loss: 3.9934780597686768, Time: 5.887872695922852
11:37:18.480 train.py:219 INFO: [Epoch 0/1] Batch 160, Loss: 3.698843240737915, Time: 5.896072149276733
11:37:24.375 train.py:219 INFO: [Epoch 0/1] Batch 161, Loss: 4.162560939788818, Time: 5.892881870269775
11:37:30.275 train.py:219 INFO: [Epoch 0/1] Batch 162, Loss: 3.8805243968963623, Time: 5.8978166580200195
11:37:36.171 train.py:219 INFO: [Epoch 0/1] Batch 163, Loss: 3.943465232849121, Time: 5.894216537475586
11:37:42.079 train.py:219 INFO: [Epoch 0/1] Batch 164, Loss: 3.985787868499756, Time: 5.906344652175903
11:37:47.974 train.py:219 INFO: [Epoch 0/1] Batch 165, Loss: 4.101142883300781, Time: 5.89220118522644
11:37:53.867 train.py:219 INFO: [Epoch 0/1] Batch 166, Loss: 4.2060441970825195, Time: 5.891640663146973
11:37:59.757 train.py:219 INFO: [Epoch 0/1] Batch 167, Loss: 4.071718215942383, Time: 5.888404130935669
11:38:05.648 train.py:219 INFO: [Epoch 0/1] Batch 168, Loss: 3.8046844005584717, Time: 5.8881995677948
11:38:11.546 train.py:219 INFO: [Epoch 0/1] Batch 169, Loss: 3.7780957221984863, Time: 5.896116018295288
11:38:17.446 train.py:219 INFO: [Epoch 0/1] Batch 170, Loss: 3.917372703552246, Time: 5.898437261581421
11:38:23.341 train.py:219 INFO: [Epoch 0/1] Batch 171, Loss: 4.005219459533691, Time: 5.8935017585754395
11:38:29.219 train.py:219 INFO: [Epoch 0/1] Batch 172, Loss: 3.491553544998169, Time: 5.87602424621582
11:38:35.116 train.py:219 INFO: [Epoch 0/1] Batch 173, Loss: 4.0646772384643555, Time: 5.895663738250732
11:38:41.017 train.py:219 INFO: [Epoch 0/1] Batch 174, Loss: 4.130660533905029, Time: 5.898677110671997
11:38:46.907 train.py:219 INFO: [Epoch 0/1] Batch 175, Loss: 4.068760871887207, Time: 5.888183832168579
11:38:52.823 train.py:219 INFO: [Epoch 0/1] Batch 176, Loss: 3.799452543258667, Time: 5.9140825271606445
11:38:58.728 train.py:219 INFO: [Epoch 0/1] Batch 177, Loss: 4.074078559875488, Time: 5.902324199676514
11:39:04.624 train.py:219 INFO: [Epoch 0/1] Batch 178, Loss: 3.7190475463867188, Time: 5.894302845001221
11:39:10.519 train.py:219 INFO: [Epoch 0/1] Batch 179, Loss: 3.857393264770508, Time: 5.893056392669678
11:39:16.415 train.py:219 INFO: [Epoch 0/1] Batch 180, Loss: 3.9126474857330322, Time: 5.894195556640625
11:39:22.315 train.py:219 INFO: [Epoch 0/1] Batch 181, Loss: 4.621284008026123, Time: 5.898380279541016
11:39:28.198 train.py:219 INFO: [Epoch 0/1] Batch 182, Loss: 4.312008857727051, Time: 5.880817651748657
11:39:34.090 train.py:219 INFO: [Epoch 0/1] Batch 183, Loss: 3.9469568729400635, Time: 5.889820575714111
11:39:39.982 train.py:219 INFO: [Epoch 0/1] Batch 184, Loss: 3.94531512260437, Time: 5.89036750793457
11:39:45.877 train.py:219 INFO: [Epoch 0/1] Batch 185, Loss: 4.032191753387451, Time: 5.893017768859863
11:39:51.780 train.py:219 INFO: [Epoch 0/1] Batch 186, Loss: 3.936685562133789, Time: 5.901113748550415
11:39:57.681 train.py:219 INFO: [Epoch 0/1] Batch 187, Loss: 4.140155792236328, Time: 5.899323463439941
11:40:03.574 train.py:219 INFO: [Epoch 0/1] Batch 188, Loss: 4.416458606719971, Time: 5.890896558761597
11:40:09.449 train.py:219 INFO: [Epoch 0/1] Batch 189, Loss: 4.247654438018799, Time: 5.87338924407959
11:40:15.341 train.py:219 INFO: [Epoch 0/1] Batch 190, Loss: 4.181948661804199, Time: 5.889828205108643
11:40:21.238 train.py:219 INFO: [Epoch 0/1] Batch 191, Loss: 3.6473405361175537, Time: 5.895043134689331
11:40:27.135 train.py:219 INFO: [Epoch 0/1] Batch 192, Loss: 4.032034873962402, Time: 5.894626140594482
11:40:33.032 train.py:219 INFO: [Epoch 0/1] Batch 193, Loss: 4.105618953704834, Time: 5.894554615020752
11:40:38.934 train.py:219 INFO: [Epoch 0/1] Batch 194, Loss: 4.379073619842529, Time: 5.899980783462524
11:40:44.818 train.py:219 INFO: [Epoch 0/1] Batch 195, Loss: 3.9027140140533447, Time: 5.882542133331299
11:40:50.726 train.py:219 INFO: [Epoch 0/1] Batch 196, Loss: 4.070738315582275, Time: 5.905828475952148
11:40:56.607 train.py:219 INFO: [Epoch 0/1] Batch 197, Loss: 3.886223077774048, Time: 5.879585266113281
11:41:02.501 train.py:219 INFO: [Epoch 0/1] Batch 198, Loss: 4.142350196838379, Time: 5.891852855682373
11:41:08.389 train.py:219 INFO: [Epoch 0/1] Batch 199, Loss: 4.375368595123291, Time: 5.886257648468018
11:41:14.284 train.py:219 INFO: [Epoch 0/1] Batch 200, Loss: 3.944017171859741, Time: 5.893186092376709
11:41:14.426 train.py:238 INFO: [Rank 0/4] Batch 200  ———————————————>  ALL Time: 1183.885947227478
